<?xml version="1.0" encoding="UTF-8"?>
<testsuite xmlns:xsi="http://www.w3.org/2001/XMLSchema-instance" xsi:noNamespaceSchemaLocation="https://maven.apache.org/surefire/maven-surefire-plugin/xsd/surefire-test-report.xsd" name="ru.netology.domain.RadioTestTest" time="0.153" tests="7" errors="0" skipped="0" failures="0">
  <properties>
[...]
</properties>
  <testcase name="shouldSpecifyStationPositive" classname="ru.netology.domain.RadioTestTest" time="0.079"/>
  <testcase name="shouldSpecifyStationNegative" classname="ru.netology.domain.RadioTestTest" time="0.01"/>
  <testcase name="shouldIncreaseVolume" classname="ru.netology.domain.RadioTestTest" time="0"/>
  <testcase name="shouldSpecifyStationNegative2" classname="ru.netology.domain.RadioTestTest" time="0"/>
  <testcase name="shouldDecreaseVolume" classname="ru.netology.domain.RadioTestTest" time="0.001"/>
  <testcase name="shouldSwitchStationDownToRound" classname="ru.netology.domain.RadioTestTest" time="0.002"/>
  <testcase name="shouldSwitchStationUpToRound" classname="ru.netology.domain.RadioTestTest" time="0.001"/>
</testsuite>